# JRE version: OpenJDK Runtime Environment Homebrew (11.0.20) (build 11.0.20+0)
# Java VM: OpenJDK 64-Bit Server VM Homebrew (11.0.20+0, mixed mode, tiered, compressed oops, g1 gc, bsd-amd64)
Heap:
 garbage-first heap   total 262144K, used 95048K [0x00000007f0000000, 0x0000000800000000)
  region size 1024K, 91 young (93184K), 12 survivors (12288K)
 Metaspace       used 40775K, capacity 52293K, committed 52528K, reserved 1089536K
  class space    used 8558K, capacity 12640K, committed 12672K, reserved 1048576K
GC Heap History (16 events):
Event: 5.619 GC heap before
{Heap before GC invocations=0 (full 0):
 garbage-first heap   total 262144K, used 23552K [0x00000007f0000000, 0x0000000800000000)
  region size 1024K, 24 young (24576K), 0 survivors (0K)
 Metaspace       used 15700K, capacity 16162K, committed 16384K, reserved 1064960K
  class space    used 1567K, capacity 1748K, committed 1792K, reserved 1048576K
}
Event: 5.624 GC heap after
{Heap after GC invocations=1 (full 0):
 garbage-first heap   total 262144K, used 4323K [0x00000007f0000000, 0x0000000800000000)
  region size 1024K, 3 young (3072K), 3 survivors (3072K)
 Metaspace       used 15700K, capacity 16162K, committed 16384K, reserved 1064960K
  class space    used 1567K, capacity 1748K, committed 1792K, reserved 1048576K
}
Event: 5.941 GC heap before
{Heap before GC invocations=1 (full 0):
 garbage-first heap   total 262144K, used 21731K [0x00000007f0000000, 0x0000000800000000)
  region size 1024K, 20 young (20480K), 3 survivors (3072K)
 Metaspace       used 16904K, capacity 17826K, committed 18048K, reserved 1064960K
  class space    used 1841K, capacity 2170K, committed 2176K, reserved 1048576K
}
Event: 5.945 GC heap after
{Heap after GC invocations=2 (full 0):
 garbage-first heap   total 262144K, used 5147K [0x00000007f0000000, 0x0000000800000000)
  region size 1024K, 1 young (1024K), 1 survivors (1024K)
 Metaspace       used 16904K, capacity 17826K, committed 18048K, reserved 1064960K
  class space    used 1841K, capacity 2170K, committed 2176K, reserved 1048576K
}
Event: 6.738 GC heap before
{Heap before GC invocations=2 (full 0):
 garbage-first heap   total 262144K, used 49179K [0x00000007f0000000, 0x0000000800000000)
  region size 1024K, 45 young (46080K), 1 survivors (1024K)
 Metaspace       used 18916K, capacity 21235K, committed 21296K, reserved 1067008K
  class space    used 2411K, capacity 3142K, committed 3200K, reserved 1048576K
}
Event: 6.740 GC heap after
{Heap after GC invocations=3 (full 0):
 garbage-first heap   total 262144K, used 6060K [0x00000007f0000000, 0x0000000800000000)
  region size 1024K, 2 young (2048K), 2 survivors (2048K)
 Metaspace       used 18916K, capacity 21235K, committed 21296K, reserved 1067008K
  class space    used 2411K, capacity 3142K, committed 3200K, reserved 1048576K
}
Event: 7.904 GC heap before
{Heap before GC invocations=4 (full 0):
 garbage-first heap   total 262144K, used 74668K [0x00000007f0000000, 0x0000000800000000)
  region size 1024K, 69 young (70656K), 2 survivors (2048K)
 Metaspace       used 22755K, capacity 26559K, committed 26800K, reserved 1071104K
  class space    used 3529K, capacity 4766K, committed 4864K, reserved 1048576K
}
Event: 7.907 GC heap after
{Heap after GC invocations=5 (full 0):
 garbage-first heap   total 262144K, used 7783K [0x00000007f0000000, 0x0000000800000000)
  region size 1024K, 4 young (4096K), 4 survivors (4096K)
 Metaspace       used 22755K, capacity 26559K, committed 26800K, reserved 1071104K
  class space    used 3529K, capacity 4766K, committed 4864K, reserved 1048576K
}
Event: 8.903 GC heap before
{Heap before GC invocations=5 (full 0):
 garbage-first heap   total 262144K, used 112231K [0x00000007f0000000, 0x0000000800000000)
  region size 1024K, 106 young (108544K), 4 survivors (4096K)
 Metaspace       used 27616K, capacity 32637K, committed 32816K, reserved 1075200K
  class space    used 4894K, capacity 6672K, committed 6784K, reserved 1048576K
}
Event: 8.910 GC heap after
{Heap after GC invocations=6 (full 0):
 garbage-first heap   total 262144K, used 10517K [0x00000007f0000000, 0x0000000800000000)
  region size 1024K, 6 young (6144K), 6 survivors (6144K)
 Metaspace       used 27616K, capacity 32637K, committed 32816K, reserved 1075200K
  class space    used 4894K, capacity 6672K, committed 6784K, reserved 1048576K
}
Event: 9.410 GC heap before
{Heap before GC invocations=6 (full 0):
 garbage-first heap   total 262144K, used 82197K [0x00000007f0000000, 0x0000000800000000)
  region size 1024K, 77 young (78848K), 6 survivors (6144K)
 Metaspace       used 29727K, capacity 35766K, committed 35888K, reserved 1077248K
  class space    used 5534K, capacity 7785K, committed 7808K, reserved 1048576K
}
Event: 9.418 GC heap after
{Heap after GC invocations=7 (full 0):
 garbage-first heap   total 262144K, used 11885K [0x00000007f0000000, 0x0000000800000000)
  region size 1024K, 8 young (8192K), 8 survivors (8192K)
 Metaspace       used 29727K, capacity 35766K, committed 35888K, reserved 1077248K
  class space    used 5534K, capacity 7785K, committed 7808K, reserved 1048576K
}
Event: 10.276 GC heap before
{Heap before GC invocations=8 (full 0):
 garbage-first heap   total 262144K, used 150125K [0x00000007f0000000, 0x0000000800000000)
  region size 1024K, 143 young (146432K), 8 survivors (8192K)
 Metaspace       used 32557K, capacity 40546K, committed 40880K, reserved 1081344K
  class space    used 6451K, capacity 9389K, committed 9472K, reserved 1048576K
}
Event: 10.283 GC heap after
{Heap after GC invocations=9 (full 0):
 garbage-first heap   total 262144K, used 14028K [0x00000007f0000000, 0x0000000800000000)
  region size 1024K, 10 young (10240K), 10 survivors (10240K)
 Metaspace       used 32557K, capacity 40546K, committed 40880K, reserved 1081344K
  class space    used 6451K, capacity 9389K, committed 9472K, reserved 1048576K
}
Event: 11.129 GC heap before
{Heap before GC invocations=9 (full 0):
 garbage-first heap   total 262144K, used 160460K [0x00000007f0000000, 0x0000000800000000)
  region size 1024K, 153 young (156672K), 10 survivors (10240K)
 Metaspace       used 37156K, capacity 46517K, committed 46640K, reserved 1085440K
  class space    used 7707K, capacity 11082K, committed 11136K, reserved 1048576K
}
Event: 11.140 GC heap after
{Heap after GC invocations=10 (full 0):
 garbage-first heap   total 262144K, used 16200K [0x00000007f0000000, 0x0000000800000000)
  region size 1024K, 12 young (12288K), 12 survivors (12288K)
 Metaspace       used 37156K, capacity 46517K, committed 46640K, reserved 1085440K
  class space    used 7707K, capacity 11082K, committed 11136K, reserved 1048576K
}

